<?xml version="1.0" encoding="UTF-8"?>
<!-- Generated by org.testng.reporters.JUnitReportReporter -->
<testsuite hostname="b1842zacw0033" failures="0" tests="1" name="tests.TestCargaMasiva" time="145.240" errors="0" timestamp="16 ago. 2022 12:51:58 GMT" skipped="0">
  <testcase classname="tests.TestCargaMasiva" name="creacionEnvios" time="145.240"/>
</testsuite> <!-- tests.TestCargaMasiva -->
