<?xml version="1.0" encoding="UTF-8"?>
<!-- Generated by org.testng.reporters.JUnitReportReporter -->
<testsuite hostname="b1842zacw0033" failures="0" tests="1" name="tests.TestEmpresa" time="73.593" errors="0" timestamp="02 ago. 2022 18:22:57 GMT" skipped="0">
  <testcase classname="tests.TestEmpresa" name="empresaPagoEnvioMercadoPagoComoInvitado" time="73.593"/>
</testsuite> <!-- tests.TestEmpresa -->
