<?xml version="1.0" encoding="UTF-8"?>
<!-- Generated by org.testng.reporters.JUnitReportReporter -->
<testsuite hostname="b1842zacw0033" failures="0" tests="1" name="tests.EnyaTests" time="26.511" errors="0" timestamp="20 oct. 2021 19:46:10 GMT" skipped="0">
  <testcase classname="tests.EnyaTests" name="refactorConsFinalPagoSaldo" time="26.511"/>
</testsuite> <!-- tests.EnyaTests -->
