<?xml version="1.0" encoding="UTF-8"?>
<!-- Generated by org.testng.reporters.JUnitReportReporter -->
<testsuite skipped="0" hostname="DESKTOP-BCIHSF8" name="tests.Tests" tests="1" failures="0" timestamp="14 sep 2021 18:12:18 GMT" time="139.380" errors="0">
  <testcase name="CargaSaldo" time="139.380" classname="tests.Tests"/>
</testsuite> <!-- tests.Tests -->
