<?xml version="1.0" encoding="UTF-8"?>
<!-- Generated by org.testng.reporters.JUnitReportReporter -->
<testsuite hostname="b1842zacw0033" failures="0" tests="1" name="tests.TestConsFinal" time="71.303" errors="0" timestamp="10 ago. 2022 14:24:02 GMT" skipped="0">
  <testcase classname="tests.TestConsFinal" name="consFinalAgregaEnvioDomicilio" time="71.303"/>
</testsuite> <!-- tests.TestConsFinal -->
