<?xml version="1.0" encoding="UTF-8"?>
<!-- Generated by org.testng.reporters.JUnitReportReporter -->
<testsuite hostname="b1842zacw0033" failures="0" tests="3" name="tests.TestCuentasPadreHijo" time="197.637" errors="0" timestamp="11 ago. 2022 14:18:39 GMT" skipped="0">
  <testcase classname="tests.TestCuentasPadreHijo" name="cuentaPadreTakeControl" time="68.923"/>
  <testcase classname="tests.TestCuentasPadreHijo" name="creacionCuenta" time="30.364"/>
  <testcase classname="tests.TestCuentasPadreHijo" name="cuentaHijo" time="98.350"/>
</testsuite> <!-- tests.TestCuentasPadreHijo -->
