<?xml version="1.0" encoding="UTF-8"?>
<!-- Generated by org.testng.reporters.JUnitReportReporter -->
<testsuite hostname="b1842zacw0033" failures="0" tests="1" name="tests.TestMonotributista" time="67.538" errors="0" timestamp="10 ago. 2022 14:25:49 GMT" skipped="0">
  <testcase classname="tests.TestMonotributista" name="monotribAgregaEnvioDomicilio" time="67.538"/>
</testsuite> <!-- tests.TestMonotributista -->
