<?xml version="1.0" encoding="UTF-8"?>
<!-- Generated by org.testng.reporters.JUnitReportReporter -->
<testsuite hostname="b1842zacw0033" failures="0" tests="1" name="tests.TestGenerarRotuloIndividual" time="38.885" errors="0" timestamp="02 ago. 2022 20:45:09 GMT" skipped="0">
  <testcase classname="tests.TestGenerarRotuloIndividual" name="nuevoRotuloEnvioSucursal" time="38.885"/>
</testsuite> <!-- tests.TestGenerarRotuloIndividual -->
