<?xml version="1.0" encoding="UTF-8"?>
<!-- Generated by org.testng.reporters.JUnitReportReporter -->
<testsuite hostname="b1842zacw0033" failures="0" tests="1" name="tests.Tests2" time="41.516" errors="0" timestamp="17 feb. 2022 18:38:08 GMT" skipped="0">
  <testcase classname="tests.Tests2" name="monotribPagoEnvioTarjeta" time="41.516"/>
</testsuite> <!-- tests.Tests2 -->
