<?xml version="1.0" encoding="UTF-8"?>
<!-- Generated by org.testng.reporters.JUnitReportReporter -->
<testsuite hostname="b1842zacw0033" failures="0" tests="1" name="tests.E2E" time="79.932" errors="0" timestamp="10 ago. 2022 13:29:21 GMT" skipped="0">
  <testcase classname="tests.E2E" name="testE2E" time="79.932"/>
</testsuite> <!-- tests.E2E -->
